\BOOKMARK [0][-]{chapter.1}{\376\377\000I\000n\000t\000r\000o\000d\000u\000c\000t\000i\000o\000n}{}% 1
\BOOKMARK [0][-]{chapter.2}{\376\377\000I\000n\000t\000r\000o\000d\000u\000c\000t\000i\000o\000n\000\040\000i\000n\000\040\000R\000e\000s\000u\000l\000t\000C\000l\000o\000u\000d}{}% 2
\BOOKMARK [1][-]{section.2.1}{\376\377\000T\000e\000s\000t\000i\000n\000g}{chapter.2}% 3
\BOOKMARK [2][-]{subsection.2.1.1}{\376\377\000S\000y\000s\000t\000e\000m\000T\000a\000p}{section.2.1}% 4
\BOOKMARK [1][-]{section.2.2}{\376\377\000W\000h\000a\000t\000\040\000i\000s\000\040\000R\000e\000s\000u\000l\000t\000C\000l\000o\000u\000d}{chapter.2}% 5
\BOOKMARK [2][-]{subsection.2.2.1}{\376\377\000I\000n\000t\000e\000r\000n\000a\000l\000\040\000s\000t\000r\000u\000c\000t\000u\000r\000e}{section.2.2}% 6
\BOOKMARK [2][-]{subsection.2.2.2}{\376\377\000C\000o\000m\000p\000o\000n\000e\000n\000t\000s}{section.2.2}% 7
\BOOKMARK [2][-]{subsection.2.2.3}{\376\377\000U\000t\000i\000l\000i\000t\000i\000e\000s}{section.2.2}% 8
\BOOKMARK [2][-]{subsection.2.2.4}{\376\377\000R\000e\000s\000u\000l\000t\000C\000l\000o\000u\000d\000\040\000p\000r\000e\000s\000e\000n\000t\000a\000t\000i\000o\000n}{section.2.2}% 9
\BOOKMARK [2][-]{subsection.2.2.5}{\376\377\000D\000a\000t\000a\000\040\000s\000t\000o\000r\000e\000\040\000o\000r\000g\000a\000n\000i\000z\000a\000t\000i\000o\000n}{section.2.2}% 10
\BOOKMARK [1][-]{section.2.3}{\376\377\000W\000h\000a\000t\000\040\000i\000s\000\040\000S\000u\000b\000m\000i\000s\000s\000i\000o\000n}{chapter.2}% 11
\BOOKMARK [0][-]{chapter.3}{\376\377\000A\000n\000a\000l\000y\000z\000e\000r\000\040\000M\000e\000c\000h\000a\000n\000i\000s\000m\000\040\000D\000e\000s\000i\000g\000n}{}% 12
\BOOKMARK [1][-]{section.3.1}{\376\377\000P\000r\000o\000b\000l\000e\000m}{chapter.3}% 13
\BOOKMARK [2][-]{subsection.3.1.1}{\376\377\000K\000i\000n\000d\000s\000\040\000o\000f\000\040\000A\000n\000a\000l\000y\000s\000i\000s}{section.3.1}% 14
\BOOKMARK [1][-]{section.3.2}{\376\377\000A\000r\000c\000h\000i\000t\000e\000c\000t\000u\000r\000e}{chapter.3}% 15
\BOOKMARK [1][-]{section.3.3}{\376\377\000A\000n\000a\000l\000y\000z\000e\000r\000C\000o\000n\000t\000r\000o\000l\000l\000e\000r}{chapter.3}% 16
\BOOKMARK [1][-]{section.3.4}{\376\377\000A\000n\000a\000l\000y\000z\000e\000r\000\040\000e\000n\000t\000i\000t\000y}{chapter.3}% 17
\BOOKMARK [1][-]{section.3.5}{\376\377\000A\000n\000a\000l\000y\000z\000e\000r\000C\000o\000n\000t\000r\000o\000l\000l\000e\000r\000\040\000s\000t\000r\000u\000c\000t\000u\000r\000e}{chapter.3}% 18
\BOOKMARK [1][-]{section.3.6}{\376\377\000A\000n\000a\000l\000y\000z\000e\000r\000s}{chapter.3}% 19
\BOOKMARK [2][-]{subsection.3.6.1}{\376\377\000A\000n\000a\000l\000y\000z\000e\000r\000\040\000d\000e\000s\000i\000g\000n}{section.3.6}% 20
\BOOKMARK [2][-]{subsection.3.6.2}{\376\377\000A\000n\000a\000l\000y\000z\000e\000r\000\040\000v\000i\000z\000u\000a\000l\000i\000s\000a\000t\000i\000o\000n}{section.3.6}% 21
\BOOKMARK [0][-]{chapter.4}{\376\377\000A\000n\000a\000l\000y\000z\000e\000r\000\040\000M\000e\000c\000h\000a\000n\000i\000s\000m\000\040\000I\000m\000p\000l\000e\000m\000e\000n\000t\000a\000t\000i\000o\000n}{}% 22
\BOOKMARK [1][-]{section.4.1}{\376\377\000S\000t\000r\000u\000c\000t\000u\000r\000e}{chapter.4}% 23
\BOOKMARK [1][-]{section.4.2}{\376\377\000E\000n\000t\000i\000t\000y}{chapter.4}% 24
\BOOKMARK [1][-]{section.4.3}{\376\377\000A\000n\000a\000l\000y\000z\000i\000n\000g}{chapter.4}% 25
\BOOKMARK [2][-]{subsection.4.3.1}{\376\377\000A\000n\000a\000l\000y\000z\000e\000C\000o\000n\000t\000r\000o\000l\000l\000e\000r}{section.4.3}% 26
\BOOKMARK [2][-]{subsection.4.3.2}{\376\377\000C\000h\000a\000n\000g\000e\000s\000C\000h\000e\000c\000k\000e\000r}{section.4.3}% 27
\BOOKMARK [2][-]{subsection.4.3.3}{\376\377\000U\000n\000t\000e\000s\000t\000e\000d\000A\000n\000a\000l\000y\000z\000e\000r}{section.4.3}% 28
\BOOKMARK [1][-]{section.4.4}{\376\377\000V\000i\000z\000u\000a\000l\000i\000z\000a\000t\000i\000o\000n}{chapter.4}% 29
\BOOKMARK [0][-]{chapter.5}{\376\377\000N\000o\000t\000i\000f\000i\000c\000a\000t\000i\000o\000n\000\040\000d\000e\000s\000i\000g\000n}{}% 30
\BOOKMARK [1][-]{section.5.1}{\376\377\000P\000r\000o\000b\000l\000e\000m}{chapter.5}% 31
\BOOKMARK [2][-]{subsection.5.1.1}{\376\377\000N\000o\000t\000i\000f\000i\000e\000r\000\040\000t\000y\000p\000e\000s}{section.5.1}% 32
\BOOKMARK [1][-]{section.5.2}{\376\377\000A\000r\000c\000h\000i\000t\000e\000c\000t\000u\000r\000e}{chapter.5}% 33
\BOOKMARK [1][-]{section.5.3}{\376\377\000N\000o\000t\000i\000f\000i\000c\000a\000t\000i\000o\000n\000\040\000C\000o\000n\000t\000r\000o\000l\000l\000e\000r}{chapter.5}% 34
\BOOKMARK [1][-]{section.5.4}{\376\377\000N\000o\000t\000i\000f\000i\000c\000a\000t\000i\000o\000n\000\040\000s\000e\000t\000t\000i\000n\000g\000s}{chapter.5}% 35
\BOOKMARK [1][-]{section.5.5}{\376\377\000N\000o\000t\000i\000f\000i\000e\000r}{chapter.5}% 36
\BOOKMARK [2][-]{subsection.5.5.1}{\376\377\000N\000o\000t\000i\000f\000i\000e\000r\000s\000\040\000a\000r\000c\000h\000i\000t\000e\000c\000t\000u\000r\000e}{section.5.5}% 37
\BOOKMARK [0][-]{chapter.6}{\376\377\000I\000m\000p\000l\000e\000m\000e\000n\000t\000a\000t\000i\000o\000n\000\040\000o\000f\000\040\000n\000o\000t\000i\000f\000i\000c\000a\000t\000i\000o\000n\000\040\000m\000e\000c\000h\000a\000n\000i\000s\000m}{}% 38
\BOOKMARK [1][-]{section.6.1}{\376\377\000S\000t\000r\000u\000c\000t\000u\000r\000e}{chapter.6}% 39
\BOOKMARK [1][-]{section.6.2}{\376\377\000S\000e\000t\000t\000i\000n\000g\000s}{chapter.6}% 40
\BOOKMARK [1][-]{section.6.3}{\376\377\000N\000o\000t\000i\000f\000i\000c\000a\000t\000i\000o\000n}{chapter.6}% 41
\BOOKMARK [2][-]{subsection.6.3.1}{\376\377\000N\000o\000t\000i\000f\000i\000c\000a\000t\000i\000o\000n\000C\000o\000n\000t\000r\000o\000l\000l\000e\000r}{section.6.3}% 42
\BOOKMARK [2][-]{subsection.6.3.2}{\376\377\000N\000o\000t\000i\000f\000i\000e\000r}{section.6.3}% 43
\BOOKMARK [2][-]{subsection.6.3.3}{\376\377\000N\000o\000t\000i\000f\000y\0001}{section.6.3}% 44
\BOOKMARK [2][-]{subsection.6.3.4}{\376\377\000T\000w\000i\000t\000t\000e\000r}{section.6.3}% 45
\BOOKMARK [2][-]{subsection.6.3.5}{\376\377\000R\000S\000S}{section.6.3}% 46
\BOOKMARK [0][-]{chapter.7}{\376\377\000E\000v\000a\000l\000u\000a\000t\000i\000o\000n}{}% 47
\BOOKMARK [1][-]{section.7.1}{\376\377\000A\000n\000a\000l\000y\000z\000e\000r\000s}{chapter.7}% 48
\BOOKMARK [1][-]{section.7.2}{\376\377\000N\000o\000t\000i\000f\000i\000c\000a\000t\000i\000o\000n\000s}{chapter.7}% 49
\BOOKMARK [0][-]{chapter.8}{\376\377\000C\000o\000n\000c\000l\000u\000s\000i\000o\000n}{}% 50
\BOOKMARK [0][-]{chapter*.17}{\376\377\000B\000i\000b\000l\000i\000o\000g\000r\000a\000p\000h\000y}{}% 51
\BOOKMARK [0][-]{section*.18}{\376\377\000A\000p\000p\000e\000n\000d\000i\000c\000e\000s}{}% 52
